Antes: ('SOAP-ENV', 'http://schemas.xmlsoap.org/soap/envelope/')
Despues: ('SOAP-ENV', 'http://www.w3.org/2003/05/soap-envelope/')

Suds ( https://fedorahosted.org/suds/ )  version: 0.6

Service ( ServicioDW ) tns="http://tempuri.org/"
   Prefixes (1)
      ns0 = "http://schemas.microsoft.com/2003/10/Serialization/"
   Ports (1):
      (BasicHttpBinding_IServicioDW)
         Methods (1):
            Echo()
         Types (3):
            ns0:char
            ns0:duration
            ns0:guid


DIR ['DECL', '_Document__root', '__doc__', '__init__', '__module__', '__unicode__', 'append', 'childAtPath', 'childrenAtPath', 'getChild', 'getChildren', 'plain', 'root', 'str']
Enviando: [[[[<?xml version="1.0" encoding="UTF-8"?>
<SOAP-ENV:Envelope xmlns:ns0="http://tempuri.org/" xmlns:ns1="http://www.w3.org/2003/05/soap-envelope/" xmlns:xsi="http://www.w3.org/2001/XMLSchema-instance" xmlns:SOAP-ENV="http://www.w3.org/2003/05/soap-envelope/">
   <SOAP-ENV:Header/>
   <ns1:Body>
      <ns0:Echo/>
   </ns1:Body>
</SOAP-ENV:Envelope>]]]]
reply = [[[[CODE: 200
HEADERS: {'content-length': '3016', 'x-powered-by': 'ASP.NET', 'x-aspnet-version': '4.0.30319', 'server': 'Microsoft-IIS/7.5', 'connection': 'close', 'cache-control': 'private', 'date': 'Fri, 08 May 2015 23:53:02 GMT', 'content-type': 'text/html; charset=UTF-8'}
MESSAGE:
<HTML><HEAD><link rel="alternate" type="text/xml" href="http://servicios.publipayments.com/ServicioDW.svc?disco"/><STYLE type="text/css">#content{ FONT-SIZE: 0.7em; PADDING-BOTTOM: 2em; MARGIN-LEFT: 30px}BODY{MARGIN-TOP: 0px; MARGIN-LEFT: 0px; COLOR: #000000; FONT-FAMILY: Verdana; BACKGROUND-COLOR: white}P{MARGIN-TOP: 0px; MARGIN-BOTTOM: 12px; COLOR: #000000; FONT-FAMILY: Verdana}PRE{BORDER-RIGHT: #f0f0e0 1px solid; PADDING-RIGHT: 5px; BORDER-TOP: #f0f0e0 1px solid; MARGIN-TOP: -5px; PADDING-LEFT: 5px; FONT-SIZE: 1.2em; PADDING-BOTTOM: 5px; BORDER-LEFT: #f0f0e0 1px solid; PADDING-TOP: 5px; BORDER-BOTTOM: #f0f0e0 1px solid; FONT-FAMILY: Courier New; BACKGROUND-COLOR: #e5e5cc}.heading1{MARGIN-TOP: 0px; PADDING-LEFT: 15px; FONT-WEIGHT: normal; FONT-SIZE: 26px; MARGIN-BOTTOM: 0px; PADDING-BOTTOM: 3px; MARGIN-LEFT: -30px; WIDTH: 100%; COLOR: #ffffff; PADDING-TOP: 10px; FONT-FAMILY: Tahoma; BACKGROUND-COLOR: #003366}.intro{MARGIN-LEFT: -15px}</STYLE><TITLE>ServicioDW Service</TITLE></HEAD><BODY><DIV id="content"><P class="heading1">ServicioDW Service</P><BR/><P class="intro">You have created a service.<P class='intro'>To test this service, you will need to create a client and use it to call the service. You can do this using the svcutil.exe tool from the command line with the following syntax:</P> <BR/><PRE>svcutil.exe <A HREF="http://servicios.publipayments.com/ServicioDW.svc?wsdl">http://servicios.publipayments.com/ServicioDW.svc?wsdl</A></PRE><P>You can also access the service description as a single file:<BR/><PRE><A HREF="http://servicios.publipayments.com/ServicioDW.svc?singleWsdl">http://servicios.publipayments.com/ServicioDW.svc?singleWsdl</A></PRE></P></P><P class="intro"/>This will generate a configuration file and a code file that contains the client class. Add the two files to your client application and use the generated client class to call the Service. For example:<BR/><P class='intro'><B>C#</B></P><PRE><font color="blue">class </font><font color="teal">Test
</font>{
<font color="blue">    static void </font>Main()
    {
        <font color="teal">ServicioDWClient</font> client = <font color="blue">new </font><font color="teal">ServicioDWClient</font>();

<font color="green">        // Use the 'client' variable to call operations on the service.

</font><font color="green">        // Always close the client.
</font>        client.Close();
    }
}
</PRE><BR/><P class='intro'><B>Visual Basic</B></P><PRE><font color="blue">Class </font><font color="teal">Test
</font><font color="blue">    Shared Sub </font>Main()
<font color="blue">        Dim </font>client As <font color="teal">ServicioDWClient</font> = <font color="blue">New </font><font color="teal">ServicioDWClient</font>()
<font color="green">        ' Use the 'client' variable to call operations on the service.

</font><font color="green">        ' Always close the client.
</font>        client.Close()
<font color="blue">    End Sub
</font><font color="blue">End Class</font></PRE></DIV></BODY></HTML>]]]]
Procesando reply: status: (None), [[[[<HTML><HEAD><link rel="alternate" type="text/xml" href="http://servicios.publipayments.com/ServicioDW.svc?disco"/><STYLE type="text/css">#content{ FONT-SIZE: 0.7em; PADDING-BOTTOM: 2em; MARGIN-LEFT: 30px}BODY{MARGIN-TOP: 0px; MARGIN-LEFT: 0px; COLOR: #000000; FONT-FAMILY: Verdana; BACKGROUND-COLOR: white}P{MARGIN-TOP: 0px; MARGIN-BOTTOM: 12px; COLOR: #000000; FONT-FAMILY: Verdana}PRE{BORDER-RIGHT: #f0f0e0 1px solid; PADDING-RIGHT: 5px; BORDER-TOP: #f0f0e0 1px solid; MARGIN-TOP: -5px; PADDING-LEFT: 5px; FONT-SIZE: 1.2em; PADDING-BOTTOM: 5px; BORDER-LEFT: #f0f0e0 1px solid; PADDING-TOP: 5px; BORDER-BOTTOM: #f0f0e0 1px solid; FONT-FAMILY: Courier New; BACKGROUND-COLOR: #e5e5cc}.heading1{MARGIN-TOP: 0px; PADDING-LEFT: 15px; FONT-WEIGHT: normal; FONT-SIZE: 26px; MARGIN-BOTTOM: 0px; PADDING-BOTTOM: 3px; MARGIN-LEFT: -30px; WIDTH: 100%; COLOR: #ffffff; PADDING-TOP: 10px; FONT-FAMILY: Tahoma; BACKGROUND-COLOR: #003366}.intro{MARGIN-LEFT: -15px}</STYLE><TITLE>ServicioDW Service</TITLE></HEAD><BODY><DIV id="content"><P class="heading1">ServicioDW Service</P><BR/><P class="intro">You have created a service.<P class='intro'>To test this service, you will need to create a client and use it to call the service. You can do this using the svcutil.exe tool from the command line with the following syntax:</P> <BR/><PRE>svcutil.exe <A HREF="http://servicios.publipayments.com/ServicioDW.svc?wsdl">http://servicios.publipayments.com/ServicioDW.svc?wsdl</A></PRE><P>You can also access the service description as a single file:<BR/><PRE><A HREF="http://servicios.publipayments.com/ServicioDW.svc?singleWsdl">http://servicios.publipayments.com/ServicioDW.svc?singleWsdl</A></PRE></P></P><P class="intro"/>This will generate a configuration file and a code file that contains the client class. Add the two files to your client application and use the generated client class to call the Service. For example:<BR/><P class='intro'><B>C#</B></P><PRE><font color="blue">class </font><font color="teal">Test
</font>{
<font color="blue">    static void </font>Main()
    {
        <font color="teal">ServicioDWClient</font> client = <font color="blue">new </font><font color="teal">ServicioDWClient</font>();

<font color="green">        // Use the 'client' variable to call operations on the service.

</font><font color="green">        // Always close the client.
</font>        client.Close();
    }
}
</PRE><BR/><P class='intro'><B>Visual Basic</B></P><PRE><font color="blue">Class </font><font color="teal">Test
</font><font color="blue">    Shared Sub </font>Main()
<font color="blue">        Dim </font>client As <font color="teal">ServicioDWClient</font> = <font color="blue">New </font><font color="teal">ServicioDWClient</font>()
<font color="green">        ' Use the 'client' variable to call operations on the service.

</font><font color="green">        ' Always close the client.
</font>        client.Close()
<font color="blue">    End Sub
</font><font color="blue">End Class</font></PRE></DIV></BODY></HTML>]]]]
child[[[[<HTML>
   <HEAD>
      <link href="http://servicios.publipayments.com/ServicioDW.svc?disco" type="text/xml" rel="alternate"/>
      <STYLE type="text/css">#content{ FONT-SIZE: 0.7em; PADDING-BOTTOM: 2em; MARGIN-LEFT: 30px}BODY{MARGIN-TOP: 0px; MARGIN-LEFT: 0px; COLOR: #000000; FONT-FAMILY: Verdana; BACKGROUND-COLOR: white}P{MARGIN-TOP: 0px; MARGIN-BOTTOM: 12px; COLOR: #000000; FONT-FAMILY: Verdana}PRE{BORDER-RIGHT: #f0f0e0 1px solid; PADDING-RIGHT: 5px; BORDER-TOP: #f0f0e0 1px solid; MARGIN-TOP: -5px; PADDING-LEFT: 5px; FONT-SIZE: 1.2em; PADDING-BOTTOM: 5px; BORDER-LEFT: #f0f0e0 1px solid; PADDING-TOP: 5px; BORDER-BOTTOM: #f0f0e0 1px solid; FONT-FAMILY: Courier New; BACKGROUND-COLOR: #e5e5cc}.heading1{MARGIN-TOP: 0px; PADDING-LEFT: 15px; FONT-WEIGHT: normal; FONT-SIZE: 26px; MARGIN-BOTTOM: 0px; PADDING-BOTTOM: 3px; MARGIN-LEFT: -30px; WIDTH: 100%; COLOR: #ffffff; PADDING-TOP: 10px; FONT-FAMILY: Tahoma; BACKGROUND-COLOR: #003366}.intro{MARGIN-LEFT: -15px}</STYLE>
      <TITLE>ServicioDW Service</TITLE>
   </HEAD>
   <BODY>
      <DIV id="content">This will generate a configuration file and a code file that contains the client class. Add the two files to your client application and use the generated client class to call the Service. For example:
         <P class="heading1">ServicioDW Service</P>
         <BR/>
         <P class="intro">You have created a service.
            <P class="intro">To test this service, you will need to create a client and use it to call the service. You can do this using the svcutil.exe tool from the command line with the following syntax:</P>
            <BR/>
            <PRE>svcutil.exe
               <A HREF="http://servicios.publipayments.com/ServicioDW.svc?wsdl">http://servicios.publipayments.com/ServicioDW.svc?wsdl</A>
            </PRE>
            <P>You can also access the service description as a single file:
               <BR/>
               <PRE>
                  <A HREF="http://servicios.publipayments.com/ServicioDW.svc?singleWsdl">http://servicios.publipayments.com/ServicioDW.svc?singleWsdl</A>
               </PRE>
            </P>
         </P>
         <P class="intro"/>
         <BR/>
         <P class="intro">
            <B>C#</B>
         </P>
         <PRE>{
Main()
    {
         client = ();

        client.Close();
    }
}
            <font color="blue">class </font>
            <font color="teal">Test
</font>
            <font color="blue">    static void </font>
            <font color="teal">ServicioDWClient</font>
            <font color="blue">new </font>
            <font color="teal">ServicioDWClient</font>
            <font color="green">        // Use the &apos;client&apos; variable to call operations on the service.

</font>
            <font color="green">        // Always close the client.
</font>
         </PRE>
         <BR/>
         <P class="intro">
            <B>Visual Basic</B>
         </P>
         <PRE>Main()
client As  = ()
        client.Close()
            <font color="blue">Class </font>
            <font color="teal">Test
</font>
            <font color="blue">    Shared Sub </font>
            <font color="blue">        Dim </font>
            <font color="teal">ServicioDWClient</font>
            <font color="blue">New </font>
            <font color="teal">ServicioDWClient</font>
            <font color="green">        &apos; Use the &apos;client&apos; variable to call operations on the service.

</font>
            <font color="green">        &apos; Always close the client.
</font>
            <font color="blue">    End Sub
</font>
            <font color="blue">End Class</font>
         </PRE>
      </DIV>
   </BODY>
</HTML>]]]]
